<?xml version="1.0" encoding="UTF-8"?>
<!-- Generated by org.testng.reporters.JUnitReportReporter -->
<testsuite hostname="Dominic-Malile" failures="0" tests="1" name="testRunner.TestNGRunner" time="26.247" errors="0" timestamp="2023-03-06T23:04:54 EAT" skipped="0">
  <testcase classname="testRunner.TestNGRunner" name="runScenario" time="26.247"/>
  <system-out/>
</testsuite> <!-- testRunner.TestNGRunner -->
